{"/Users/anastasiauferova/dev/rss-react-project/src/components/AboutUs/AboutUs.tsx": {"path":"/Users/anastasiauferova/dev/rss-react-project/src/components/AboutUs/AboutUs.tsx","all":false,"statementMap":{"0":{"start":{"line":1,"column":0},"end":{"line":1,"column":34}},"1":{"start":{"line":2,"column":0},"end":{"line":2,"column":0}},"2":{"start":{"line":3,"column":0},"end":{"line":3,"column":34}},"3":{"start":{"line":4,"column":0},"end":{"line":4,"column":28}},"4":{"start":{"line":5,"column":0},"end":{"line":5,"column":2}}},"s":{"0":1,"1":1,"2":1,"3":1,"4":1},"branchMap":{"0":{"type":"branch","line":3,"loc":{"start":{"line":3,"column":27},"end":{"line":5,"column":2}},"locations":[{"start":{"line":3,"column":27},"end":{"line":5,"column":2}}]},"1":{"type":"branch","line":5,"loc":{"start":{"line":5,"column":0},"end":{"line":5,"column":2}},"locations":[{"start":{"line":5,"column":0},"end":{"line":5,"column":2}}]}},"b":{"0":[1],"1":[1]},"fnMap":{"0":{"name":"AboutUs","decl":{"start":{"line":3,"column":27},"end":{"line":5,"column":2}},"loc":{"start":{"line":3,"column":27},"end":{"line":5,"column":2}},"line":3},"1":{"name":"get","decl":{"start":{"line":5,"column":0},"end":{"line":5,"column":2}},"loc":{"start":{"line":5,"column":0},"end":{"line":5,"column":2}},"line":5}},"f":{"0":1,"1":1}}
,"/Users/anastasiauferova/dev/rss-react-project/src/components/Card/Card.tsx": {"path":"/Users/anastasiauferova/dev/rss-react-project/src/components/Card/Card.tsx","all":false,"statementMap":{"0":{"start":{"line":1,"column":0},"end":{"line":1,"column":34}},"1":{"start":{"line":2,"column":0},"end":{"line":2,"column":20}},"2":{"start":{"line":3,"column":0},"end":{"line":3,"column":0}},"3":{"start":{"line":4,"column":0},"end":{"line":4,"column":25}},"4":{"start":{"line":5,"column":0},"end":{"line":5,"column":13}},"5":{"start":{"line":6,"column":0},"end":{"line":6,"column":16}},"6":{"start":{"line":7,"column":0},"end":{"line":7,"column":15}},"7":{"start":{"line":8,"column":0},"end":{"line":8,"column":22}},"8":{"start":{"line":9,"column":0},"end":{"line":9,"column":23}},"9":{"start":{"line":10,"column":0},"end":{"line":10,"column":15}},"10":{"start":{"line":11,"column":0},"end":{"line":11,"column":19}},"11":{"start":{"line":12,"column":0},"end":{"line":12,"column":2}},"12":{"start":{"line":13,"column":0},"end":{"line":13,"column":0}},"13":{"start":{"line":14,"column":0},"end":{"line":14,"column":58}},"14":{"start":{"line":15,"column":0},"end":{"line":15,"column":73}},"15":{"start":{"line":16,"column":0},"end":{"line":16,"column":92}},"16":{"start":{"line":17,"column":0},"end":{"line":17,"column":10}},"17":{"start":{"line":18,"column":0},"end":{"line":18,"column":26}},"18":{"start":{"line":19,"column":0},"end":{"line":19,"column":80}},"19":{"start":{"line":20,"column":0},"end":{"line":20,"column":0}},"20":{"start":{"line":21,"column":0},"end":{"line":21,"column":44}},"21":{"start":{"line":22,"column":0},"end":{"line":22,"column":44}},"22":{"start":{"line":23,"column":0},"end":{"line":23,"column":82}},"23":{"start":{"line":24,"column":0},"end":{"line":24,"column":12}},"24":{"start":{"line":25,"column":0},"end":{"line":25,"column":47}},"25":{"start":{"line":26,"column":0},"end":{"line":26,"column":13}},"26":{"start":{"line":27,"column":0},"end":{"line":27,"column":76}},"27":{"start":{"line":28,"column":0},"end":{"line":28,"column":49}},"28":{"start":{"line":29,"column":0},"end":{"line":29,"column":14}},"29":{"start":{"line":30,"column":0},"end":{"line":30,"column":48}},"30":{"start":{"line":31,"column":0},"end":{"line":31,"column":48}},"31":{"start":{"line":32,"column":0},"end":{"line":32,"column":14}},"32":{"start":{"line":33,"column":0},"end":{"line":33,"column":12}},"33":{"start":{"line":34,"column":0},"end":{"line":34,"column":10}},"34":{"start":{"line":35,"column":0},"end":{"line":35,"column":4}},"35":{"start":{"line":36,"column":0},"end":{"line":36,"column":2}}},"s":{"0":1,"1":1,"2":1,"3":1,"4":1,"5":1,"6":1,"7":1,"8":1,"9":1,"10":1,"11":1,"12":1,"13":1,"14":8,"15":8,"16":8,"17":8,"18":8,"19":8,"20":8,"21":8,"22":8,"23":8,"24":8,"25":8,"26":8,"27":8,"28":8,"29":8,"30":8,"31":8,"32":8,"33":8,"34":8,"35":8},"branchMap":{"0":{"type":"branch","line":14,"loc":{"start":{"line":14,"column":35},"end":{"line":36,"column":2}},"locations":[{"start":{"line":14,"column":35},"end":{"line":36,"column":2}}]},"1":{"type":"branch","line":16,"loc":{"start":{"line":16,"column":35},"end":{"line":16,"column":77}},"locations":[{"start":{"line":16,"column":35},"end":{"line":16,"column":77}}]},"2":{"type":"branch","line":16,"loc":{"start":{"line":16,"column":43},"end":{"line":16,"column":92}},"locations":[{"start":{"line":16,"column":43},"end":{"line":16,"column":92}}]},"3":{"type":"branch","line":36,"loc":{"start":{"line":36,"column":0},"end":{"line":36,"column":2}},"locations":[{"start":{"line":36,"column":0},"end":{"line":36,"column":2}}]}},"b":{"0":[8],"1":[2],"2":[6],"3":[8]},"fnMap":{"0":{"name":"Card","decl":{"start":{"line":14,"column":35},"end":{"line":36,"column":2}},"loc":{"start":{"line":14,"column":35},"end":{"line":36,"column":2}},"line":14},"1":{"name":"get","decl":{"start":{"line":36,"column":0},"end":{"line":36,"column":2}},"loc":{"start":{"line":36,"column":0},"end":{"line":36,"column":2}},"line":36}},"f":{"0":8,"1":8}}
,"/Users/anastasiauferova/dev/rss-react-project/src/components/CardsList/CardsList.tsx": {"path":"/Users/anastasiauferova/dev/rss-react-project/src/components/CardsList/CardsList.tsx","all":false,"statementMap":{"0":{"start":{"line":1,"column":0},"end":{"line":1,"column":34}},"1":{"start":{"line":2,"column":0},"end":{"line":2,"column":25}},"2":{"start":{"line":3,"column":0},"end":{"line":3,"column":41}},"3":{"start":{"line":4,"column":0},"end":{"line":4,"column":36}},"4":{"start":{"line":5,"column":0},"end":{"line":5,"column":0}},"5":{"start":{"line":6,"column":0},"end":{"line":6,"column":30}},"6":{"start":{"line":7,"column":0},"end":{"line":7,"column":22}},"7":{"start":{"line":8,"column":0},"end":{"line":8,"column":2}},"8":{"start":{"line":9,"column":0},"end":{"line":9,"column":0}},"9":{"start":{"line":10,"column":0},"end":{"line":10,"column":73}},"10":{"start":{"line":11,"column":0},"end":{"line":11,"column":10}},"11":{"start":{"line":12,"column":0},"end":{"line":12,"column":9}},"12":{"start":{"line":13,"column":0},"end":{"line":13,"column":33}},"13":{"start":{"line":14,"column":0},"end":{"line":14,"column":45}},"14":{"start":{"line":15,"column":0},"end":{"line":15,"column":39}},"15":{"start":{"line":16,"column":0},"end":{"line":16,"column":20}},"16":{"start":{"line":17,"column":0},"end":{"line":17,"column":32}},"17":{"start":{"line":18,"column":0},"end":{"line":18,"column":34}},"18":{"start":{"line":19,"column":0},"end":{"line":19,"column":19}},"19":{"start":{"line":20,"column":0},"end":{"line":20,"column":14}},"20":{"start":{"line":21,"column":0},"end":{"line":21,"column":13}},"21":{"start":{"line":22,"column":0},"end":{"line":22,"column":13}},"22":{"start":{"line":23,"column":0},"end":{"line":23,"column":12}},"23":{"start":{"line":24,"column":0},"end":{"line":24,"column":10}},"24":{"start":{"line":25,"column":0},"end":{"line":25,"column":4}},"25":{"start":{"line":26,"column":0},"end":{"line":26,"column":2}}},"s":{"0":1,"1":1,"2":1,"3":1,"4":1,"5":1,"6":1,"7":1,"8":1,"9":1,"10":3,"11":3,"12":3,"13":3,"14":3,"15":6,"16":6,"17":6,"18":6,"19":6,"20":3,"21":3,"22":3,"23":3,"24":3,"25":3},"branchMap":{"0":{"type":"branch","line":10,"loc":{"start":{"line":10,"column":45},"end":{"line":26,"column":2}},"locations":[{"start":{"line":10,"column":45},"end":{"line":26,"column":2}}]},"1":{"type":"branch","line":15,"loc":{"start":{"line":15,"column":17},"end":{"line":15,"column":28}},"locations":[{"start":{"line":15,"column":17},"end":{"line":15,"column":28}}]},"2":{"type":"branch","line":15,"loc":{"start":{"line":15,"column":28},"end":{"line":21,"column":11}},"locations":[{"start":{"line":15,"column":28},"end":{"line":21,"column":11}}]},"3":{"type":"branch","line":26,"loc":{"start":{"line":26,"column":0},"end":{"line":26,"column":2}},"locations":[{"start":{"line":26,"column":0},"end":{"line":26,"column":2}}]}},"b":{"0":[3],"1":[2],"2":[6],"3":[3]},"fnMap":{"0":{"name":"CardsList","decl":{"start":{"line":10,"column":45},"end":{"line":26,"column":2}},"loc":{"start":{"line":10,"column":45},"end":{"line":26,"column":2}},"line":10},"1":{"name":"get","decl":{"start":{"line":26,"column":0},"end":{"line":26,"column":2}},"loc":{"start":{"line":26,"column":0},"end":{"line":26,"column":2}},"line":26}},"f":{"0":3,"1":3}}
,"/Users/anastasiauferova/dev/rss-react-project/src/components/ConfirmMessage/ConfirmMessage.tsx": {"path":"/Users/anastasiauferova/dev/rss-react-project/src/components/ConfirmMessage/ConfirmMessage.tsx","all":false,"statementMap":{"0":{"start":{"line":1,"column":0},"end":{"line":1,"column":34}},"1":{"start":{"line":2,"column":0},"end":{"line":2,"column":30}},"2":{"start":{"line":3,"column":0},"end":{"line":3,"column":0}},"3":{"start":{"line":4,"column":0},"end":{"line":4,"column":41}},"4":{"start":{"line":5,"column":0},"end":{"line":5,"column":77}},"5":{"start":{"line":6,"column":0},"end":{"line":6,"column":2}}},"s":{"0":1,"1":1,"2":1,"3":1,"4":2,"5":2},"branchMap":{"0":{"type":"branch","line":4,"loc":{"start":{"line":4,"column":34},"end":{"line":6,"column":2}},"locations":[{"start":{"line":4,"column":34},"end":{"line":6,"column":2}}]},"1":{"type":"branch","line":6,"loc":{"start":{"line":6,"column":0},"end":{"line":6,"column":2}},"locations":[{"start":{"line":6,"column":0},"end":{"line":6,"column":2}}]}},"b":{"0":[2],"1":[2]},"fnMap":{"0":{"name":"ConfirmMessage","decl":{"start":{"line":4,"column":34},"end":{"line":6,"column":2}},"loc":{"start":{"line":4,"column":34},"end":{"line":6,"column":2}},"line":4},"1":{"name":"get","decl":{"start":{"line":6,"column":0},"end":{"line":6,"column":2}},"loc":{"start":{"line":6,"column":0},"end":{"line":6,"column":2}},"line":6}},"f":{"0":2,"1":2}}
,"/Users/anastasiauferova/dev/rss-react-project/src/components/ErrorMessage/ErrorMessage.tsx": {"path":"/Users/anastasiauferova/dev/rss-react-project/src/components/ErrorMessage/ErrorMessage.tsx","all":false,"statementMap":{"0":{"start":{"line":1,"column":0},"end":{"line":1,"column":34}},"1":{"start":{"line":2,"column":0},"end":{"line":2,"column":28}},"2":{"start":{"line":3,"column":0},"end":{"line":3,"column":0}},"3":{"start":{"line":4,"column":0},"end":{"line":4,"column":19}},"4":{"start":{"line":5,"column":0},"end":{"line":5,"column":24}},"5":{"start":{"line":6,"column":0},"end":{"line":6,"column":2}},"6":{"start":{"line":7,"column":0},"end":{"line":7,"column":0}},"7":{"start":{"line":8,"column":0},"end":{"line":8,"column":68}},"8":{"start":{"line":9,"column":0},"end":{"line":9,"column":59}},"9":{"start":{"line":10,"column":0},"end":{"line":10,"column":2}}},"s":{"0":1,"1":1,"2":1,"3":1,"4":1,"5":1,"6":1,"7":1,"8":2,"9":2},"branchMap":{"0":{"type":"branch","line":8,"loc":{"start":{"line":8,"column":44},"end":{"line":10,"column":2}},"locations":[{"start":{"line":8,"column":44},"end":{"line":10,"column":2}}]},"1":{"type":"branch","line":10,"loc":{"start":{"line":10,"column":0},"end":{"line":10,"column":2}},"locations":[{"start":{"line":10,"column":0},"end":{"line":10,"column":2}}]}},"b":{"0":[2],"1":[2]},"fnMap":{"0":{"name":"ErrorMessage","decl":{"start":{"line":8,"column":44},"end":{"line":10,"column":2}},"loc":{"start":{"line":8,"column":44},"end":{"line":10,"column":2}},"line":8},"1":{"name":"get","decl":{"start":{"line":10,"column":0},"end":{"line":10,"column":2}},"loc":{"start":{"line":10,"column":0},"end":{"line":10,"column":2}},"line":10}},"f":{"0":2,"1":2}}
,"/Users/anastasiauferova/dev/rss-react-project/src/components/Home/Home.tsx": {"path":"/Users/anastasiauferova/dev/rss-react-project/src/components/Home/Home.tsx","all":false,"statementMap":{"0":{"start":{"line":1,"column":0},"end":{"line":1,"column":51}},"1":{"start":{"line":2,"column":0},"end":{"line":2,"column":34}},"2":{"start":{"line":3,"column":0},"end":{"line":3,"column":51}},"3":{"start":{"line":4,"column":0},"end":{"line":4,"column":45}},"4":{"start":{"line":5,"column":0},"end":{"line":5,"column":0}},"5":{"start":{"line":6,"column":0},"end":{"line":6,"column":31}},"6":{"start":{"line":7,"column":0},"end":{"line":7,"column":10}},"7":{"start":{"line":8,"column":0},"end":{"line":8,"column":26}},"8":{"start":{"line":9,"column":0},"end":{"line":9,"column":19}},"9":{"start":{"line":10,"column":0},"end":{"line":10,"column":36}},"10":{"start":{"line":11,"column":0},"end":{"line":11,"column":10}},"11":{"start":{"line":12,"column":0},"end":{"line":12,"column":4}},"12":{"start":{"line":13,"column":0},"end":{"line":13,"column":2}}},"s":{"0":1,"1":1,"2":1,"3":1,"4":1,"5":1,"6":1,"7":1,"8":1,"9":1,"10":1,"11":1,"12":1},"branchMap":{"0":{"type":"branch","line":6,"loc":{"start":{"line":6,"column":24},"end":{"line":13,"column":2}},"locations":[{"start":{"line":6,"column":24},"end":{"line":13,"column":2}}]},"1":{"type":"branch","line":13,"loc":{"start":{"line":13,"column":0},"end":{"line":13,"column":2}},"locations":[{"start":{"line":13,"column":0},"end":{"line":13,"column":2}}]}},"b":{"0":[1],"1":[1]},"fnMap":{"0":{"name":"Home","decl":{"start":{"line":6,"column":24},"end":{"line":13,"column":2}},"loc":{"start":{"line":6,"column":24},"end":{"line":13,"column":2}},"line":6},"1":{"name":"get","decl":{"start":{"line":13,"column":0},"end":{"line":13,"column":2}},"loc":{"start":{"line":13,"column":0},"end":{"line":13,"column":2}},"line":13}},"f":{"0":1,"1":1}}
,"/Users/anastasiauferova/dev/rss-react-project/src/components/SearchBar/SearchBar.tsx": {"path":"/Users/anastasiauferova/dev/rss-react-project/src/components/SearchBar/SearchBar.tsx","all":false,"statementMap":{"0":{"start":{"line":1,"column":0},"end":{"line":1,"column":51}},"1":{"start":{"line":2,"column":0},"end":{"line":2,"column":25}},"2":{"start":{"line":3,"column":0},"end":{"line":3,"column":0}},"3":{"start":{"line":4,"column":0},"end":{"line":4,"column":32}},"4":{"start":{"line":5,"column":0},"end":{"line":5,"column":52}},"5":{"start":{"line":6,"column":0},"end":{"line":6,"column":84}},"6":{"start":{"line":7,"column":0},"end":{"line":7,"column":4}},"7":{"start":{"line":8,"column":0},"end":{"line":8,"column":0}},"8":{"start":{"line":9,"column":0},"end":{"line":9,"column":19}},"9":{"start":{"line":10,"column":0},"end":{"line":10,"column":25}},"10":{"start":{"line":11,"column":0},"end":{"line":11,"column":48}},"11":{"start":{"line":12,"column":0},"end":{"line":12,"column":5}},"12":{"start":{"line":13,"column":0},"end":{"line":13,"column":14}},"13":{"start":{"line":14,"column":0},"end":{"line":14,"column":0}},"14":{"start":{"line":15,"column":0},"end":{"line":15,"column":72}},"15":{"start":{"line":16,"column":0},"end":{"line":16,"column":45}},"16":{"start":{"line":17,"column":0},"end":{"line":17,"column":25}},"17":{"start":{"line":18,"column":0},"end":{"line":18,"column":4}},"18":{"start":{"line":19,"column":0},"end":{"line":19,"column":0}},"19":{"start":{"line":20,"column":0},"end":{"line":20,"column":10}},"20":{"start":{"line":21,"column":0},"end":{"line":21,"column":40}},"21":{"start":{"line":22,"column":0},"end":{"line":22,"column":40}},"22":{"start":{"line":23,"column":0},"end":{"line":23,"column":39}},"23":{"start":{"line":24,"column":0},"end":{"line":24,"column":16}},"24":{"start":{"line":25,"column":0},"end":{"line":25,"column":43}},"25":{"start":{"line":26,"column":0},"end":{"line":26,"column":23}},"26":{"start":{"line":27,"column":0},"end":{"line":27,"column":31}},"27":{"start":{"line":28,"column":0},"end":{"line":28,"column":35}},"28":{"start":{"line":29,"column":0},"end":{"line":29,"column":19}},"29":{"start":{"line":30,"column":0},"end":{"line":30,"column":74}},"30":{"start":{"line":31,"column":0},"end":{"line":31,"column":15}},"31":{"start":{"line":32,"column":0},"end":{"line":32,"column":12}},"32":{"start":{"line":33,"column":0},"end":{"line":33,"column":74}},"33":{"start":{"line":34,"column":0},"end":{"line":34,"column":10}},"34":{"start":{"line":35,"column":0},"end":{"line":35,"column":4}},"35":{"start":{"line":36,"column":0},"end":{"line":36,"column":2}}},"s":{"0":1,"1":1,"2":1,"3":1,"4":4,"5":4,"6":4,"7":4,"8":4,"9":4,"10":4,"11":4,"12":4,"13":4,"14":4,"15":1,"16":1,"17":1,"18":4,"19":4,"20":4,"21":4,"22":4,"23":4,"24":4,"25":4,"26":4,"27":4,"28":4,"29":4,"30":4,"31":4,"32":4,"33":4,"34":4,"35":3},"branchMap":{"0":{"type":"branch","line":4,"loc":{"start":{"line":4,"column":25},"end":{"line":36,"column":2}},"locations":[{"start":{"line":4,"column":25},"end":{"line":36,"column":2}}]},"1":{"type":"branch","line":6,"loc":{"start":{"line":6,"column":38},"end":{"line":6,"column":82}},"locations":[{"start":{"line":6,"column":38},"end":{"line":6,"column":82}}]},"2":{"type":"branch","line":27,"loc":{"start":{"line":27,"column":19},"end":{"line":27,"column":31}},"locations":[{"start":{"line":27,"column":19},"end":{"line":27,"column":31}}]},"3":{"type":"branch","line":9,"loc":{"start":{"line":9,"column":12},"end":{"line":13,"column":5}},"locations":[{"start":{"line":9,"column":12},"end":{"line":13,"column":5}}]},"4":{"type":"branch","line":15,"loc":{"start":{"line":15,"column":23},"end":{"line":18,"column":4}},"locations":[{"start":{"line":15,"column":23},"end":{"line":18,"column":4}}]},"5":{"type":"branch","line":36,"loc":{"start":{"line":36,"column":0},"end":{"line":36,"column":2}},"locations":[{"start":{"line":36,"column":0},"end":{"line":36,"column":2}}]}},"b":{"0":[4],"1":[0],"2":[3],"3":[4],"4":[1],"5":[3]},"fnMap":{"0":{"name":"SearchBar","decl":{"start":{"line":4,"column":25},"end":{"line":36,"column":2}},"loc":{"start":{"line":4,"column":25},"end":{"line":36,"column":2}},"line":4},"1":{"name":"handleChange","decl":{"start":{"line":15,"column":23},"end":{"line":18,"column":4}},"loc":{"start":{"line":15,"column":23},"end":{"line":18,"column":4}},"line":15},"2":{"name":"get","decl":{"start":{"line":36,"column":0},"end":{"line":36,"column":2}},"loc":{"start":{"line":36,"column":0},"end":{"line":36,"column":2}},"line":36}},"f":{"0":4,"1":1,"2":3}}
}
